example/build/app/intermediates/manifest_merge_blame_file/debug/manifest-merger-blame-debug-report.txt
1<?xml version="1.0" encoding="utf-8"?>
2<manifest xmlns:android="http://schemas.android.com/apk/res/android"
3    package="com.healy.healywatch_reactive"
4    android:versionCode="1"
5    android:versionName="1.0.0" >
6
7    <uses-sdk
8        android:minSdkVersion="21"
9        android:targetSdkVersion="28" />
10    <!--
11         Flutter needs it to communicate with the running application
12         to allow setting breakpoints, to provide hot reload, etc.
13    -->
14    <uses-permission android:name="android.permission.INTERNET" />
14-->src\debug\AndroidManifest.xml:6:5-66
14-->src\debug\AndroidManifest.xml:6:22-64
15    <!-- required for API 18 - 30 -->
16    <uses-permission
16-->[:reactive_ble_mobile] AndroidManifest.xml:10:5-12:38
17        android:name="android.permission.BLUETOOTH"
17-->[:reactive_ble_mobile] AndroidManifest.xml:11:9-52
18        android:maxSdkVersion="30" />
18-->[:reactive_ble_mobile] AndroidManifest.xml:12:9-35
19    <uses-permission
19-->[:reactive_ble_mobile] AndroidManifest.xml:13:5-15:38
20        android:name="android.permission.BLUETOOTH_ADMIN"
20-->[:reactive_ble_mobile] AndroidManifest.xml:14:9-58
21        android:maxSdkVersion="30" /> <!-- required for API 23 - 30 -->
21-->[:reactive_ble_mobile] AndroidManifest.xml:15:9-35
22    <uses-permission-sdk-23
22-->[:reactive_ble_mobile] AndroidManifest.xml:18:5-20:38
23        android:name="android.permission.ACCESS_COARSE_LOCATION"
23-->[:reactive_ble_mobile] AndroidManifest.xml:19:9-65
24        android:maxSdkVersion="30" />
24-->[:reactive_ble_mobile] AndroidManifest.xml:20:9-35
25    <uses-permission-sdk-23
25-->[:reactive_ble_mobile] AndroidManifest.xml:21:5-23:38
26        android:name="android.permission.ACCESS_FINE_LOCATION"
26-->[:reactive_ble_mobile] AndroidManifest.xml:22:9-63
27        android:maxSdkVersion="30" /> <!-- API 31+ -->
27-->[:reactive_ble_mobile] AndroidManifest.xml:23:9-35
28    <uses-permission android:name="android.permission.BLUETOOTH_CONNECT" />
28-->[:reactive_ble_mobile] AndroidManifest.xml:26:5-76
28-->[:reactive_ble_mobile] AndroidManifest.xml:26:22-73
29    <!--
30         add android:usesPermissionFlags="neverForLocation" when you can strongly assert that
31         your app never derives physical location from Bluetooth scan results.
32    -->
33    <uses-permission
33-->[:reactive_ble_mobile] AndroidManifest.xml:31:5-73
34        android:name="android.permission.BLUETOOTH_SCAN"
34-->[:reactive_ble_mobile] AndroidManifest.xml:31:22-70
35        android:usesPermissionFlags="neverForLocation" />
35-->[com.polidea.rxandroidble2:rxandroidble:1.13.0] AndroidManifest.xml:23:9-55
36    <uses-permission android:name="android.permission.ACCESS_NETWORK_STATE" />
36-->[:connectivity] AndroidManifest.xml:7:5-79
36-->[:connectivity] AndroidManifest.xml:7:22-76
37    <uses-permission android:name="android.permission.ACCESS_COARSE_LOCATION" />
37-->[:nordic_dfu] AndroidManifest.xml:9:5-81
37-->[:nordic_dfu] AndroidManifest.xml:9:22-78
38    <uses-permission android:name="android.permission.FOREGROUND_SERVICE" />
38-->[no.nordicsemi.android:dfu:1.12.0] AndroidManifest.xml:17:5-77
38-->[no.nordicsemi.android:dfu:1.12.0] AndroidManifest.xml:17:22-74
39    <!--
40 io.flutter.app.FlutterApplication is an android.app.Application that
41         calls FlutterMain.startInitialization(this); in its onCreate method.
42         In most cases you can leave this as-is, but you if you want to provide
43         additional functionality it is fine to subclass or reimplement
44         FlutterApplication and put your custom class here.
45    -->
46    <application
46-->src\main\AndroidManifest.xml:9:5-48:19
47        android:appComponentFactory="androidx.core.app.CoreComponentFactory"
47-->[androidx.core:core:1.7.0] AndroidManifest.xml:24:18-86
48        android:debuggable="true"
49        android:icon="@mipmap/ic_launcher"
49-->src\main\AndroidManifest.xml:12:9-43
50        android:label="healywatch_reactive" >
50-->src\main\AndroidManifest.xml:11:9-44
51        <activity
51-->src\main\AndroidManifest.xml:13:9-41:20
52            android:name="com.healy.healywatch_reactive.MainActivity"
52-->src\main\AndroidManifest.xml:14:13-41
53            android:configChanges="orientation|keyboardHidden|keyboard|screenSize|smallestScreenSize|locale|layoutDirection|fontScale|screenLayout|density|uiMode"
53-->src\main\AndroidManifest.xml:17:13-163
54            android:hardwareAccelerated="true"
54-->src\main\AndroidManifest.xml:18:13-47
55            android:launchMode="singleTop"
55-->src\main\AndroidManifest.xml:15:13-43
56            android:theme="@style/LaunchTheme"
56-->src\main\AndroidManifest.xml:16:13-47
57            android:windowSoftInputMode="adjustResize" >
57-->src\main\AndroidManifest.xml:19:13-55
58
59            <!--
60                 Specifies an Android theme to apply to this Activity as soon as
61                 the Android process has started. This theme is visible to the user
62                 while the Flutter UI initializes. After that, this theme continues
63                 to determine the Window background behind the Flutter UI.
64            -->
65            <meta-data
65-->src\main\AndroidManifest.xml:24:13-27:17
66                android:name="io.flutter.embedding.android.NormalTheme"
66-->src\main\AndroidManifest.xml:25:15-70
67                android:resource="@style/NormalTheme" />
67-->src\main\AndroidManifest.xml:26:15-52
68            <!--
69                 Displays an Android View that continues showing the launch screen
70                 Drawable until Flutter paints its first frame, then this splash
71                 screen fades out. A splash screen is useful to avoid any visual
72                 gap between the end of Android's launch screen and the painting of
73                 Flutter's first frame.
74            -->
75            <meta-data
75-->src\main\AndroidManifest.xml:33:13-36:17
76                android:name="io.flutter.embedding.android.SplashScreenDrawable"
76-->src\main\AndroidManifest.xml:34:15-79
77                android:resource="@drawable/launch_background" />
77-->src\main\AndroidManifest.xml:35:15-61
78
79            <intent-filter>
79-->src\main\AndroidManifest.xml:37:13-40:29
80                <action android:name="android.intent.action.MAIN" />
80-->src\main\AndroidManifest.xml:38:17-68
80-->src\main\AndroidManifest.xml:38:25-66
81
82                <category android:name="android.intent.category.LAUNCHER" />
82-->src\main\AndroidManifest.xml:39:17-76
82-->src\main\AndroidManifest.xml:39:27-74
83            </intent-filter>
84        </activity>
85        <!--
86             Don't delete the meta-data below.
87             This is used by the Flutter tool to generate GeneratedPluginRegistrant.java
88        -->
89        <meta-data
89-->src\main\AndroidManifest.xml:44:9-46:33
90            android:name="flutterEmbedding"
90-->src\main\AndroidManifest.xml:45:13-44
91            android:value="2" />
91-->src\main\AndroidManifest.xml:46:13-30
92
93        <service android:name="dev.steenbakker.nordicdfu.DfuService" />
93-->[:nordic_dfu] AndroidManifest.xml:12:9-72
93-->[:nordic_dfu] AndroidManifest.xml:12:18-69
94
95        <uses-library
95-->[androidx.window:window:1.0.0-beta04] AndroidManifest.xml:25:9-27:40
96            android:name="androidx.window.extensions"
96-->[androidx.window:window:1.0.0-beta04] AndroidManifest.xml:26:13-54
97            android:required="false" />
97-->[androidx.window:window:1.0.0-beta04] AndroidManifest.xml:27:13-37
98        <uses-library
98-->[androidx.window:window:1.0.0-beta04] AndroidManifest.xml:28:9-30:40
99            android:name="androidx.window.sidecar"
99-->[androidx.window:window:1.0.0-beta04] AndroidManifest.xml:29:13-51
100            android:required="false" />
100-->[androidx.window:window:1.0.0-beta04] AndroidManifest.xml:30:13-37
101    </application>
102
103</manifest>